This is pdfTeX, Version 3.14159265-2.6-1.40.21 (MiKTeX 2.9.7380 64-bit) (preloaded format=pdflatex 2020.4.10)  23 MAY 2020 18:46
entering extended mode
**./main.tex
(main.tex
LaTeX2e <2020-02-02> patch level 5
L3 programming layer <2020-04-06>
("C:\Program Files\MiKTeX 2.9\tex/latex/base\book.cls"
Document Class: book 2019/12/20 v1.4l Standard LaTeX document class
("C:\Program Files\MiKTeX 2.9\tex/latex/base\bk11.clo"
File: bk11.clo 2019/12/20 v1.4l Standard LaTeX file (size option)
)
\c@part=\count167
\c@chapter=\count168
\c@section=\count169
\c@subsection=\count170
\c@subsubsection=\count171
\c@paragraph=\count172
\c@subparagraph=\count173
\c@figure=\count174
\c@table=\count175
\abovecaptionskip=\skip47
\belowcaptionskip=\skip48
\bibindent=\dimen134
)
("C:\Program Files\MiKTeX 2.9\tex/latex/graphics\graphicx.sty"
Package: graphicx 2019/11/30 v1.2a Enhanced LaTeX Graphics (DPC,SPQR)

("C:\Program Files\MiKTeX 2.9\tex/latex/graphics\keyval.sty"
Package: keyval 2014/10/28 v1.15 key=value parser (DPC)
\KV@toks@=\toks15
)
("C:\Program Files\MiKTeX 2.9\tex/latex/graphics\graphics.sty"
Package: graphics 2019/11/30 v1.4a Standard LaTeX Graphics (DPC,SPQR)

("C:\Program Files\MiKTeX 2.9\tex/latex/graphics\trig.sty"
Package: trig 2016/01/03 v1.10 sin cos tan (DPC)
)
("C:\Program Files\MiKTeX 2.9\tex/latex/graphics-cfg\graphics.cfg"
File: graphics.cfg 2016/06/04 v1.11 sample graphics configuration
)
Package graphics Info: Driver file: pdftex.def on input line 105.

("C:\Program Files\MiKTeX 2.9\tex/latex/graphics-def\pdftex.def"
File: pdftex.def 2018/01/08 v1.0l Graphics/color driver for pdftex
))
\Gin@req@height=\dimen135
\Gin@req@width=\dimen136
)
("C:\Program Files\MiKTeX 2.9\tex/latex/graphics\color.sty"
Package: color 2019/11/23 v1.2a Standard LaTeX Color (DPC)

("C:\Program Files\MiKTeX 2.9\tex/latex/graphics-cfg\color.cfg"
File: color.cfg 2016/01/02 v1.6 sample color configuration
)
Package color Info: Driver file: pdftex.def on input line 147.
)
("C:\Program Files\MiKTeX 2.9\tex/latex/base\alltt.sty"
Package: alltt 1997/06/16 v2.0g defines alltt environment
)
("C:\Program Files\MiKTeX 2.9\tex/latex/base\fontenc.sty"
Package: fontenc 2020/02/11 v2.0o Standard LaTeX package
)
("C:\Program Files\MiKTeX 2.9\tex/latex/base\inputenc.sty"
Package: inputenc 2018/08/11 v1.3c Input encoding file
\inpenc@prehook=\toks16
\inpenc@posthook=\toks17
)
(C:\Users\Pawel\AppData\Roaming\MiKTeX\2.9\tex/latex/geometry\geometry.sty
Package: geometry 2020/01/02 v5.9 Page Geometry

("C:\Program Files\MiKTeX 2.9\tex/generic/iftex\ifvtex.sty"
Package: ifvtex 2019/10/25 v1.7 ifvtex legacy package. Use iftex instead.

("C:\Program Files\MiKTeX 2.9\tex/generic/iftex\iftex.sty"
Package: iftex 2020/03/06 v1.0d TeX engine tests
))
\Gm@cnth=\count176
\Gm@cntv=\count177
\c@Gm@tempcnt=\count178
\Gm@bindingoffset=\dimen137
\Gm@wd@mp=\dimen138
\Gm@odd@mp=\dimen139
\Gm@even@mp=\dimen140
\Gm@layoutwidth=\dimen141
\Gm@layoutheight=\dimen142
\Gm@layouthoffset=\dimen143
\Gm@layoutvoffset=\dimen144
\Gm@dimlist=\toks18

(C:\Users\Pawel\AppData\Roaming\MiKTeX\2.9\tex/latex/geometry\geometry.cfg))
(C:\Users\Pawel\AppData\Roaming\MiKTeX\2.9\tex/latex/lipsum\lipsum.sty
("C:\Program Files\MiKTeX 2.9\tex/latex/l3kernel\expl3.sty"
Package: expl3 2020-04-06 L3 programming layer (loader) 

("C:\Program Files\MiKTeX 2.9\tex/latex/l3backend\l3backend-pdfmode.def"
File: l3backend-pdfmode.def 2020-03-12 L3 backend support: PDF mode
\l__kernel_color_stack_int=\count179
\l__pdf_internal_box=\box45
))
("C:\Program Files\MiKTeX 2.9\tex/latex/l3packages/xparse\xparse.sty"
Package: xparse 2020-03-06 L3 Experimental document command parser
\l__xparse_current_arg_int=\count180
\g__xparse_grabber_int=\count181
\l__xparse_m_args_int=\count182
\l__xparse_v_nesting_int=\count183
)
Package: lipsum 2019/01/02 v2.2 150 paragraphs of Lorem Ipsum dummy text

(C:\Users\Pawel\AppData\Roaming\MiKTeX\2.9\tex/latex/lipsum\lipsum.ltd.tex
File: lipsum.ltd.tex 2019/01/02 v2.2 The Lorem ipsum dummy text
))
("C:\Program Files\MiKTeX 2.9\tex/generic/babel\babel.sty"
Package: babel 2020/03/22 3.42 The Babel package

("C:\Program Files\MiKTeX 2.9\tex/generic/babel\switch.def"
File: switch.def 2020/03/22 3.42 Babel switching mechanism
)
*************************************
* Local config file bblopts.cfg used
*
("C:\Program Files\MiKTeX 2.9\tex/latex/arabi\bblopts.cfg"
File: bblopts.cfg 2005/09/08 v0.1 add Arabic and Farsi to "declared" options of
 babel
)
(C:\Users\Pawel\AppData\Roaming\MiKTeX\2.9\tex/latex/babel-polish\polish.ldf
Language: polish 2005/03/31 v1.2l Polish support from the babel system

("C:\Program Files\MiKTeX 2.9\tex/generic/babel\babel.def"
File: babel.def 2020/03/22 3.42 Babel common definitions
\babel@savecnt=\count184
\U@D=\dimen145

("C:\Program Files\MiKTeX 2.9\tex/generic/babel\txtbabel.def")
\bbl@readstream=\read2
\bbl@dirlevel=\count185
)
Package babel Info: Making " an active character on input line 83.
\pl@left=\dimen146
\pl@down=\dimen147
\pl@right=\dimen148
\pl@temp=\dimen149
)
("C:\Program Files\MiKTeX 2.9\tex/latex/babel-english\english.ldf"
Language: english 2017/06/06 v3.3r English support from the babel system
Package babel Info: \l@canadian = using hyphenrules for english
(babel)             (\language0) on input line 102.
Package babel Info: \l@australian = using hyphenrules for ukenglish
(babel)             (\language72) on input line 105.
Package babel Info: \l@newzealand = using hyphenrules for ukenglish
(babel)             (\language72) on input line 108.
)

Package babel Warning: Last declared language option is `polish',
(babel)                but the last processed one was `english'.
(babel)                The main language cannot be set as both a global
(babel)                and a package option. Use `main=polish' as
(babel)                option. Reported on input line 558.

) (C:\Users\Pawel\AppData\Roaming\MiKTeX\2.9\tex/latex/fancyhdr\fancyhdr.sty
Package: fancyhdr 2019/01/31 v3.10 Extensive control of page headers and footer
s
\f@nch@headwidth=\skip49
\f@nch@O@elh=\skip50
\f@nch@O@erh=\skip51
\f@nch@O@olh=\skip52
\f@nch@O@orh=\skip53
\f@nch@O@elf=\skip54
\f@nch@O@erf=\skip55
\f@nch@O@olf=\skip56
\f@nch@O@orf=\skip57
)
(C:\Users\Pawel\AppData\Roaming\MiKTeX\2.9\tex/latex/titlesec\titlesec.sty
Package: titlesec 2019/10/16 v2.13 Sectioning titles
\ttl@box=\box46
\beforetitleunit=\skip58
\aftertitleunit=\skip59
\ttl@plus=\dimen150
\ttl@minus=\dimen151
\ttl@toksa=\toks19
\titlewidth=\dimen152
\titlewidthlast=\dimen153
\titlewidthfirst=\dimen154
)
(C:\Users\Pawel\AppData\Roaming\MiKTeX\2.9\tex/latex/float\float.sty
Package: float 2001/11/08 v1.3d Float enhancements (AL)
\c@float@type=\count186
\float@exts=\toks20
\float@box=\box47
\@float@everytoks=\toks21
\@floatcapt=\box48
)
\@float@every@table=\toks22

(C:\Users\Pawel\AppData\Roaming\MiKTeX\2.9\tex/latex/caption\caption.sty
Package: caption 2020/01/03 v3.4h Customizing captions (AR)

(C:\Users\Pawel\AppData\Roaming\MiKTeX\2.9\tex/latex/caption\caption3.sty
Package: caption3 2020/01/03 v1.8h caption3 kernel (AR)
Package caption3 Info: TeX engine: e-TeX on input line 61.
\captionmargin=\dimen155
\captionmargin@=\dimen156
\captionwidth=\dimen157
\caption@tempdima=\dimen158
\caption@indent=\dimen159
\caption@parindent=\dimen160
\caption@hangindent=\dimen161
Package caption Info: Standard document class detected.
)
\c@caption@flags=\count187
\c@continuedfloat=\count188
Package caption Info: float package is loaded.
)
("C:\Program Files\MiKTeX 2.9\tex/latex/hyperref\hyperref.sty"
Package: hyperref 2020/01/14 v7.00d Hypertext links for LaTeX

(C:\Users\Pawel\AppData\Roaming\MiKTeX\2.9\tex/generic/ltxcmds\ltxcmds.sty
Package: ltxcmds 2019/12/15 v1.24 LaTeX kernel commands for general use (HO)
)
("C:\Program Files\MiKTeX 2.9\tex/latex/pdftexcmds\pdftexcmds.sty"
Package: pdftexcmds 2019/11/24 v0.31 Utility functions of pdfTeX for LuaTeX (HO
)

(C:\Users\Pawel\AppData\Roaming\MiKTeX\2.9\tex/generic/infwarerr\infwarerr.sty
Package: infwarerr 2019/12/03 v1.5 Providing info/warning/error messages (HO)
)
Package pdftexcmds Info: \pdf@primitive is available.
Package pdftexcmds Info: \pdf@ifprimitive is available.
Package pdftexcmds Info: \pdfdraftmode found.
)
(C:\Users\Pawel\AppData\Roaming\MiKTeX\2.9\tex/generic/kvsetkeys\kvsetkeys.sty
Package: kvsetkeys 2019/12/15 v1.18 Key value parser (HO)
)
(C:\Users\Pawel\AppData\Roaming\MiKTeX\2.9\tex/generic/kvdefinekeys\kvdefinekey
s.sty
Package: kvdefinekeys 2019-12-19 v1.6 Define keys (HO)
)
(C:\Users\Pawel\AppData\Roaming\MiKTeX\2.9\tex/generic/pdfescape\pdfescape.sty
Package: pdfescape 2019/12/09 v1.15 Implements pdfTeX's escape features (HO)
) (C:\Users\Pawel\AppData\Roaming\MiKTeX\2.9\tex/latex/hycolor\hycolor.sty
Package: hycolor 2020-01-27 v1.10 Color options for hyperref/bookmark (HO)
)
(C:\Users\Pawel\AppData\Roaming\MiKTeX\2.9\tex/latex/letltxmacro\letltxmacro.st
y
Package: letltxmacro 2019/12/03 v1.6 Let assignment for LaTeX macros (HO)
) (C:\Users\Pawel\AppData\Roaming\MiKTeX\2.9\tex/latex/auxhook\auxhook.sty
Package: auxhook 2019-12-17 v1.6 Hooks for auxiliary files (HO)
)
(C:\Users\Pawel\AppData\Roaming\MiKTeX\2.9\tex/latex/kvoptions\kvoptions.sty
Package: kvoptions 2019/11/29 v3.13 Key value format for package options (HO)
)
\@linkdim=\dimen162
\Hy@linkcounter=\count189
\Hy@pagecounter=\count190

("C:\Program Files\MiKTeX 2.9\tex/latex/hyperref\pd1enc.def"
File: pd1enc.def 2020/01/14 v7.00d Hyperref: PDFDocEncoding definition (HO)
Now handling font encoding PD1 ...
... no UTF-8 mapping file for font encoding PD1
)
(C:\Users\Pawel\AppData\Roaming\MiKTeX\2.9\tex/generic/intcalc\intcalc.sty
Package: intcalc 2019/12/15 v1.3 Expandable calculations with integers (HO)
)
(C:\Users\Pawel\AppData\Roaming\MiKTeX\2.9\tex/generic/etexcmds\etexcmds.sty
Package: etexcmds 2019/12/15 v1.7 Avoid name clashes with e-TeX commands (HO)
)
\Hy@SavedSpaceFactor=\count191
Package hyperref Info: Hyper figures OFF on input line 4547.
Package hyperref Info: Link nesting OFF on input line 4552.
Package hyperref Info: Hyper index ON on input line 4555.
Package hyperref Info: Plain pages OFF on input line 4562.
Package hyperref Info: Backreferencing OFF on input line 4567.
Package hyperref Info: Implicit mode ON; LaTeX internals redefined.
Package hyperref Info: Bookmarks ON on input line 4800.
\c@Hy@tempcnt=\count192

("C:\Program Files\MiKTeX 2.9\tex/latex/url\url.sty"
\Urlmuskip=\muskip16
Package: url 2013/09/16  ver 3.4  Verb mode for urls, etc.
)
LaTeX Info: Redefining \url on input line 5159.
\XeTeXLinkMargin=\dimen163

(C:\Users\Pawel\AppData\Roaming\MiKTeX\2.9\tex/generic/bitset\bitset.sty
Package: bitset 2019/12/09 v1.3 Handle bit-vector datatype (HO)

(C:\Users\Pawel\AppData\Roaming\MiKTeX\2.9\tex/generic/bigintcalc\bigintcalc.st
y
Package: bigintcalc 2019/12/15 v1.5 Expandable calculations on big integers (HO
)
))
\Fld@menulength=\count193
\Field@Width=\dimen164
\Fld@charsize=\dimen165
Package hyperref Info: Hyper figures OFF on input line 6430.
Package hyperref Info: Link nesting OFF on input line 6435.
Package hyperref Info: Hyper index ON on input line 6438.
Package hyperref Info: backreferencing OFF on input line 6445.
Package hyperref Info: Link coloring OFF on input line 6450.
Package hyperref Info: Link coloring with OCG OFF on input line 6455.
Package hyperref Info: PDF/A mode OFF on input line 6460.
LaTeX Info: Redefining \ref on input line 6500.
LaTeX Info: Redefining \pageref on input line 6504.

(C:\Users\Pawel\AppData\Roaming\MiKTeX\2.9\tex/generic/atbegshi\atbegshi.sty
Package: atbegshi 2019/12/05 v1.19 At begin shipout hook (HO)
)
\Hy@abspage=\count194
\c@Item=\count195
\c@Hfootnote=\count196
)
Package hyperref Info: Driver (autodetected): hpdftex.

("C:\Program Files\MiKTeX 2.9\tex/latex/hyperref\hpdftex.def"
File: hpdftex.def 2020/01/14 v7.00d Hyperref driver for pdfTeX

(C:\Users\Pawel\AppData\Roaming\MiKTeX\2.9\tex/latex/atveryend\atveryend.sty
Package: atveryend 2019-12-11 v1.11 Hooks at the very end of document (HO)
Package atveryend Info: \enddocument detected (standard20110627).
)
\Fld@listcount=\count197
\c@bookmark@seq@number=\count198

(C:\Users\Pawel\AppData\Roaming\MiKTeX\2.9\tex/latex/rerunfilecheck\rerunfilech
eck.sty
Package: rerunfilecheck 2019/12/05 v1.9 Rerun checks for auxiliary files (HO)

(C:\Users\Pawel\AppData\Roaming\MiKTeX\2.9\tex/generic/uniquecounter\uniquecoun
ter.sty
Package: uniquecounter 2019/12/15 v1.4 Provide unlimited unique counter (HO)
)
Package uniquecounter Info: New unique counter `rerunfilecheck' on input line 2
86.
)
\Hy@SectionHShift=\skip60
) (main.aux

LaTeX Warning: Label `chapt:results' multiply defined.

)
\openout1 = `main.aux'.

LaTeX Font Info:    Checking defaults for OML/cmm/m/it on input line 65.
LaTeX Font Info:    ... okay on input line 65.
LaTeX Font Info:    Checking defaults for OMS/cmsy/m/n on input line 65.
LaTeX Font Info:    ... okay on input line 65.
LaTeX Font Info:    Checking defaults for OT1/cmr/m/n on input line 65.
LaTeX Font Info:    ... okay on input line 65.
LaTeX Font Info:    Checking defaults for T1/cmr/m/n on input line 65.
LaTeX Font Info:    ... okay on input line 65.
LaTeX Font Info:    Checking defaults for TS1/cmr/m/n on input line 65.
LaTeX Font Info:    ... okay on input line 65.
LaTeX Font Info:    Checking defaults for OMX/cmex/m/n on input line 65.
LaTeX Font Info:    ... okay on input line 65.
LaTeX Font Info:    Checking defaults for U/cmr/m/n on input line 65.
LaTeX Font Info:    ... okay on input line 65.
LaTeX Font Info:    Checking defaults for PD1/pdf/m/n on input line 65.
LaTeX Font Info:    ... okay on input line 65.
 ("C:\Program Files\MiKTeX 2.9\tex/context/base/mkii\supp-pdf.mkii"
[Loading MPS to PDF converter (version 2006.09.02).]
\scratchcounter=\count199
\scratchdimen=\dimen166
\scratchbox=\box49
\nofMPsegments=\count266
\nofMParguments=\count267
\everyMPshowfont=\toks23
\MPscratchCnt=\count268
\MPscratchDim=\dimen167
\MPnumerator=\count269
\makeMPintoPDFobject=\count270
\everyMPtoPDFconversion=\toks24
) ("C:\Program Files\MiKTeX 2.9\tex/latex/epstopdf-pkg\epstopdf-base.sty"
Package: epstopdf-base 2020-01-24 v2.11 Base part for package epstopdf
Package epstopdf-base Info: Redefining graphics rule for `.eps' on input line 4
85.
)
*geometry* driver: auto-detecting
*geometry* detected driver: pdftex
*geometry* verbose mode - [ preamble ] result:
* driver: pdftex
* paper: <default>
* layout: <same size as paper>
* layoutoffset:(h,v)=(0.0pt,0.0pt)
* modes: twoside 
* h-part:(L,W,R)=(68.0pt, 480.295pt, 66.0pt)
* v-part:(T,H,B)=(100.0pt, 594.96999pt, 100.0pt)
* \paperwidth=614.295pt
* \paperheight=794.96999pt
* \textwidth=480.295pt
* \textheight=594.96999pt
* \oddsidemargin=-4.26999pt
* \evensidemargin=-6.26999pt
* \topmargin=-4.14378pt
* \headheight=12.0pt
* \headsep=19.8738pt
* \topskip=11.0pt
* \footskip=27.46295pt
* \marginparwidth=116.0pt
* \marginparsep=7.0pt
* \columnsep=10.0pt
* \skip\footins=10.0pt plus 4.0pt minus 2.0pt
* \hoffset=0.0pt
* \voffset=0.0pt
* \mag=1000
* \@twocolumnfalse
* \@twosidetrue
* \@mparswitchtrue
* \@reversemarginfalse
* (1in=72.27pt=25.4mm, 1cm=28.453pt)

Package caption Info: Begin \AtBeginDocument code.
Package caption Info: hyperref package is loaded.
Package caption Info: End \AtBeginDocument code.
\AtBeginShipoutBox=\box50
Package hyperref Info: Link coloring OFF on input line 65.
("C:\Program Files\MiKTeX 2.9\tex/latex/hyperref\nameref.sty"
Package: nameref 2019/09/16 v2.46 Cross-referencing by name of section

(C:\Users\Pawel\AppData\Roaming\MiKTeX\2.9\tex/latex/refcount\refcount.sty
Package: refcount 2019/12/15 v3.6 Data extraction from label references (HO)
)
(C:\Users\Pawel\AppData\Roaming\MiKTeX\2.9\tex/generic/gettitlestring\gettitles
tring.sty
Package: gettitlestring 2019/12/15 v1.6 Cleanup title references (HO)
)
\c@section@level=\count271
)
LaTeX Info: Redefining \ref on input line 65.
LaTeX Info: Redefining \pageref on input line 65.
LaTeX Info: Redefining \nameref on input line 65.
 (main.out) (main.out)
\@outlinefile=\write3
\openout3 = `main.out'.

<Figures/utp.png, id=251, 225.84375pt x 225.84375pt>
File: Figures/utp.png Graphic file (type png)
<use Figures/utp.png>
Package pdftex.def Info: Figures/utp.png  used on input line 91.
(pdftex.def)             Requested size: 112.92159pt x 112.92159pt.
 [1




{C:/Users/Pawel/AppData/Local/MiKTeX/2.9/pdftex/config/pdftex.map} <./Figures/u
tp.png>] (main.toc
LaTeX Font Info:    External font `cmex10' loaded for size
(Font)              <10.95> on input line 6.
LaTeX Font Info:    External font `cmex10' loaded for size
(Font)              <8> on input line 6.
LaTeX Font Info:    External font `cmex10' loaded for size
(Font)              <6> on input line 6.
 [2

])
\tf@toc=\write4
\openout4 = `main.toc'.

 [3] [4

]
Rozdzia\l  1.
<Figures/mapa.jpg, id=337, 513.92pt x 289.08pt>
File: Figures/mapa.jpg Graphic file (type jpg)
<use Figures/mapa.jpg>
Package pdftex.def Info: Figures/mapa.jpg  used on input line 125.
(pdftex.def)             Requested size: 462.52371pt x 260.16959pt.
[1

 <./Figures/mapa.jpg>] [2] [3]
Rozdzia\l  2.
<bariera.jpg, id=351, 1284.8pt x 722.7pt>
File: bariera.jpg Graphic file (type jpg)
<use bariera.jpg>
Package pdftex.def Info: bariera.jpg  used on input line 139.
(pdftex.def)             Requested size: 475.36856pt x 267.3948pt.

Underfull \hbox (badness 10000) in paragraph at lines 135--144

 []

[4

 <./bariera.jpg>]
<kognisk.png, id=356, 559.08875pt x 944.52875pt>
File: kognisk.png Graphic file (type png)
<use kognisk.png>
Package pdftex.def Info: kognisk.png  used on input line 145.
(pdftex.def)             Requested size: 111.81577pt x 188.9024pt.

Underfull \hbox (badness 10000) in paragraph at lines 148--152

 []

[5 <./kognisk.png>]
<xardas.png, id=363, 283.65974pt x 648.62325pt>
File: xardas.png Graphic file (type png)
<use xardas.png>
Package pdftex.def Info: xardas.png  used on input line 153.
(pdftex.def)             Requested size: 141.82951pt x 324.31082pt.
 [6 <./xardas.png>]
Underfull \hbox (badness 10000) in paragraph at lines 157--159

 []

<umumulu.png, id=368, 1061.9675pt x 805.0075pt>
File: umumulu.png Graphic file (type png)
<use umumulu.png>
Package pdftex.def Info: umumulu.png  used on input line 160.
(pdftex.def)             Requested size: 212.38974pt x 160.99864pt.
[7 <./umumulu.png>]
Rozdzia\l  3.
<Figures/dolina.jpg, id=374, 301.125pt x 224.84pt>
File: Figures/dolina.jpg Graphic file (type jpg)
<use Figures/dolina.jpg>
Package pdftex.def Info: Figures/dolina.jpg  used on input line 170.
(pdftex.def)             Requested size: 301.12425pt x 224.83945pt.
[8

 <./Figures/dolina.jpg>]
<Figures/staryoboz.jpg, id=381, 545.03625pt x 426.84468pt>
File: Figures/staryoboz.jpg Graphic file (type jpg)
<use Figures/staryoboz.jpg>
Package pdftex.def Info: Figures/staryoboz.jpg  used on input line 175.
(pdftex.def)             Requested size: 327.02428pt x 256.10878pt.
<Figures/nowyoboz.jpg, id=382, 663.47874pt x 469.755pt>
File: Figures/nowyoboz.jpg Graphic file (type jpg)
<use Figures/nowyoboz.jpg>
Package pdftex.def Info: Figures/nowyoboz.jpg  used on input line 180.
(pdftex.def)             Requested size: 331.73856pt x 234.87692pt.
 [9 <./Figures/staryoboz.jpg>]
<Figures/nabagnie.jpg, id=388, 481.8pt x 361.35pt>
File: Figures/nabagnie.jpg Graphic file (type jpg)
<use Figures/nabagnie.jpg>
Package pdftex.def Info: Figures/nabagnie.jpg  used on input line 186.
(pdftex.def)             Requested size: 240.8994pt x 180.67456pt.
 [10 <./Figures/nowyoboz.jpg>]
<Figures/placwymian.png, id=393, 351.3125pt x 281.05pt>
File: Figures/placwymian.png Graphic file (type png)
<use Figures/placwymian.png>
Package pdftex.def Info: Figures/placwymian.png  used on input line 192.
(pdftex.def)             Requested size: 281.05037pt x 224.84029pt.
 [11 <./Figures/nabagnie.jpg>]
<Figures/opuszczonakopalnia.png, id=398, 263.48438pt x 148.30406pt>
File: Figures/opuszczonakopalnia.png Graphic file (type png)
<use Figures/opuszczonakopalnia.png>
Package pdftex.def Info: Figures/opuszczonakopalnia.png  used on input line 198
.
(pdftex.def)             Requested size: 263.48372pt x 148.30368pt.
 [12 <./Figures/placwymian.png>]
<Figures/wiezaxardasa.png, id=404, 351.3125pt x 197.73875pt>
File: Figures/wiezaxardasa.png Graphic file (type png)
<use Figures/wiezaxardasa.png>
Package pdftex.def Info: Figures/wiezaxardasa.png  used on input line 204.
(pdftex.def)             Requested size: 351.31163pt x 197.73827pt.
 [13 <./Figures/opuszczonakopalnia.png> <./Figures/wiezaxardasa.png>]
<Figures/zatopionawiezaxardasa.png, id=411, 351.3125pt x 197.73875pt>
File: Figures/zatopionawiezaxardasa.png Graphic file (type png)
<use Figures/zatopionawiezaxardasa.png>
Package pdftex.def Info: Figures/zatopionawiezaxardasa.png  used on input line 
210.
(pdftex.def)             Requested size: 351.31163pt x 197.73827pt.
<Figures/miastoorkow.jpg, id=412, 200.75pt x 150.5625pt>
File: Figures/miastoorkow.jpg Graphic file (type jpg)
<use Figures/miastoorkow.jpg>
Package pdftex.def Info: Figures/miastoorkow.jpg  used on input line 216.
(pdftex.def)             Requested size: 361.3497pt x 271.01227pt.
 [14 <./Figures/zatopionawiezaxardasa.png>]
<Figures/twojastara-kopalnia.png, id=418, 1445.4pt x 813.0375pt>
File: Figures/twojastara-kopalnia.png Graphic file (type png)
<use Figures/twojastara-kopalnia.png>
Package pdftex.def Info: Figures/twojastara-kopalnia.png  used on input line 22
2.
(pdftex.def)             Requested size: 361.34912pt x 203.25888pt.
 [15 <./Figures/miastoorkow.jpg>]
<Figures/twojastara-klasztor.png, id=424, 1204.5pt x 903.375pt>
File: Figures/twojastara-klasztor.png Graphic file (type png)
<use Figures/twojastara-klasztor.png>
Package pdftex.def Info: Figures/twojastara-klasztor.png  used on input line 22
8.
(pdftex.def)             Requested size: 301.12427pt x 225.8432pt.
 [16 <./Figures/twojastara-kopalnia.png>]
<Figures/swiatyniasniacego.png, id=429, 1927.2pt x 1084.05pt>
File: Figures/swiatyniasniacego.png Graphic file (type png)
<use Figures/swiatyniasniacego.png>
Package pdftex.def Info: Figures/swiatyniasniacego.png  used on input line 234.

(pdftex.def)             Requested size: 481.79883pt x 271.01184pt.

Overfull \hbox (1.50383pt too wide) in paragraph at lines 234--235
 [] 
 []

[17 <./Figures/twojastara-klasztor.png>]
<Figures/obozbandytow.png, id=435, 1927.2pt x 1084.05pt>
File: Figures/obozbandytow.png Graphic file (type png)
<use Figures/obozbandytow.png>
Package pdftex.def Info: Figures/obozbandytow.png  used on input line 240.
(pdftex.def)             Requested size: 481.79883pt x 271.01184pt.

Overfull \hbox (1.50383pt too wide) in paragraph at lines 240--241
 [] 
 []

[18 <./Figures/swiatyniasniacego.png>] [19 <./Figures/obozbandytow.png>]
Rozdzia\l  4.
<Figures/bezi.png, id=444, 164.615pt x 499.8675pt>
File: Figures/bezi.png Graphic file (type png)
<use Figures/bezi.png>
Package pdftex.def Info: Figures/bezi.png  used on input line 249.
(pdftex.def)             Requested size: 98.76976pt x 299.9228pt.
[20

 <./Figures/bezi.png>] [21]
Underfull \hbox (badness 10000) in paragraph at lines 262--264

 []

[22]
<Figures/bezimienny.jpg, id=459, 903.375pt x 903.375pt>
File: Figures/bezimienny.jpg Graphic file (type jpg)
<use Figures/bezimienny.jpg>
Package pdftex.def Info: Figures/bezimienny.jpg  used on input line 272.
(pdftex.def)             Requested size: 334.24352pt x 334.24352pt.
<Figures/bezzimiennybody.jpg, id=460, 106.14656pt x 283.0575pt>
File: Figures/bezzimiennybody.jpg Graphic file (type jpg)
<use Figures/bezzimiennybody.jpg>
Package pdftex.def Info: Figures/bezzimiennybody.jpg  used on input line 275.
(pdftex.def)             Requested size: 212.2926pt x 566.11359pt.
 [23 <./Figures/bezimienny.jpg>]
<Figures/bezimiennybody2.jpg, id=465, 196.735pt x 257.96375pt>
File: Figures/bezimiennybody2.jpg Graphic file (type jpg)
<use Figures/bezimiennybody2.jpg>
Package pdftex.def Info: Figures/bezimiennybody2.jpg  used on input line 278.
(pdftex.def)             Requested size: 393.469pt x 515.92621pt.
 [24 <./Figures/bezzimiennybody.jpg>]
[25 <./Figures/bezimiennybody2.jpg>]
Rozdzia\l  5.
<Figures/rozdzial1.png, id=474, 3351.52126pt x 2239.36626pt>
File: Figures/rozdzial1.png Graphic file (type png)
<use Figures/rozdzial1.png>
Package pdftex.def Info: Figures/rozdzial1.png  used on input line 283.
(pdftex.def)             Requested size: 435.71306pt x 291.12784pt.
<Figures/rozdzial2.png, id=475, 3284.27pt x 1944.26375pt>
File: Figures/rozdzial2.png Graphic file (type png)
<use Figures/rozdzial2.png>
Package pdftex.def Info: Figures/rozdzial2.png  used on input line 287.
(pdftex.def)             Requested size: 558.31853pt x 330.52046pt.
[26

 <./Figures/rozdzial1.png>]
<Figures/rozdzial3.png, id=481, 3357.54375pt x 2142.0025pt>
File: Figures/rozdzial3.png Graphic file (type png)
<use Figures/rozdzial3.png>
Package pdftex.def Info: Figures/rozdzial3.png  used on input line 291.
(pdftex.def)             Requested size: 537.21799pt x 342.7274pt.
 [27 <./Figures/rozdzial2.png>]
<Figures/4.png, id=488, 3501.08pt x 2371.86125pt>
File: Figures/4.png Graphic file (type png)
<use Figures/4.png>
Package pdftex.def Info: Figures/4.png  used on input line 295.
(pdftex.def)             Requested size: 560.18425pt x 379.50555pt.
 [28 <./Figures/rozdzial3.png>]
<Figures/5.png, id=494, 2898.83pt x 1882.03125pt>
File: Figures/5.png Graphic file (type png)
<use Figures/5.png>
Package pdftex.def Info: Figures/5.png  used on input line 299.
(pdftex.def)             Requested size: 463.82228pt x 301.13115pt.
 [29 <./Figures/4.png>]
<Figures/6.png, id=500, 2785.40625pt x 1092.08pt>
File: Figures/6.png Graphic file (type png)
<use Figures/6.png>
Package pdftex.def Info: Figures/6.png  used on input line 303.
(pdftex.def)             Requested size: 445.67412pt x 174.73637pt.
 [30 <./Figures/5.png>] [31 <./Figures/6.png>]
Rozdzia\l  6.
[32

] [33]
Rozdzia\l  7.
[34

]
Overfull \hbox (70.82846pt too wide) in paragraph at lines 333--335
\T1/cmr/m/n/10.95 Góra/Dóª/Lewo/Prawo Wy-ko-ny-wa¢ ma-newry na-sz¡ po-sta-ci¡ m
o-»emy dzi¦ki stan-dar-do-wemu Góra/Dóª/Lewo/Prawo,
 []

[35] [36] [37] [38] (main.bbl

LaTeX Warning: Empty `thebibliography' environment on input line 3.

) [39

]

LaTeX Warning: Citation `economon2015su2' on page 40 undefined on input line 41
7.

Package atveryend Info: Empty hook `BeforeClearDocument' on input line 423.
[40

]
Package atveryend Info: Empty hook `AfterLastShipout' on input line 423.
 (main.aux)
Package atveryend Info: Executing hook `AtVeryEndDocument' on input line 423.
Package atveryend Info: Executing hook `AtEndAfterFileList' on input line 423.


Package rerunfilecheck Warning: File `main.out' has changed.
(rerunfilecheck)                Rerun to get outlines right
(rerunfilecheck)                or use package `bookmark'.

Package rerunfilecheck Info: Checksums for `main.out':
(rerunfilecheck)             Before: 4023B12237F140174168DF82371D706C;4084
(rerunfilecheck)             After:  3240A3C326751B19D804BA3ED1200B5A;4168.

LaTeX Warning: There were undefined references.


LaTeX Warning: There were multiply-defined labels.

Package atveryend Info: Empty hook `AtVeryVeryEnd' on input line 423.
 ) 
Here is how much of TeX's memory you used:
 9117 strings out of 481004
 148284 string characters out of 2910506
 521114 words of memory out of 3000000
 24632 multiletter control sequences out of 15000+200000
 543492 words of font info for 44 fonts, out of 3000000 for 9000
 1141 hyphenation exceptions out of 8191
 41i,11n,45p,2004b,457s stack positions out of 5000i,500n,10000p,200000b,50000s
 <C:\Users\Pawel\AppData\Local\MiKTeX\2.9\fonts/pk/ljfour/jknappen/ec/dpi600\
ecti1095.pk> <C:\Users\Pawel\AppData\Local\MiKTeX\2.9\fonts/pk/ljfour/jknappen/
ec/dpi600\ecbx1200.pk> <C:\Users\Pawel\AppData\Local\MiKTeX\2.9\fonts/pk/ljfour
/jknappen/ec/dpi600\ecbx1440.pk> <C:\Users\Pawel\AppData\Local\MiKTeX\2.9\fonts
/pk/ljfour/jknappen/ec/dpi600\ecbx1095.pk> <C:\Users\Pawel\AppData\Local\MiKTeX
\2.9\fonts/pk/ljfour/jknappen/ec/dpi600\ecbx1728.pk> <C:\Users\Pawel\AppData\Lo
cal\MiKTeX\2.9\fonts/pk/ljfour/jknappen/ec/dpi600\ecbx2488.pk> <C:\Users\Pawel\
AppData\Local\MiKTeX\2.9\fonts/pk/ljfour/jknappen/ec/dpi600\ecrm1095.pk>
Output written on main.pdf (44 pages, 18816778 bytes).
PDF statistics:
 949 PDF objects out of 1000 (max. 8388607)
 110 named destinations out of 1000 (max. 500000)
 642 words of extra memory for PDF output out of 10000 (max. 10000000)

