\BOOKMARK [0][-]{chapter.1}{Wstepny abstrakt}{}% 1
\BOOKMARK [0][-]{chapter.2}{Rozszerzone streszczenie gry}{}% 2
\BOOKMARK [0][-]{chapter.3}{Projektowanie swiata gry}{}% 3
\BOOKMARK [1][-]{section.3.1}{G\363rnicza Dolina}{chapter.3}% 4
\BOOKMARK [1][-]{section.3.2}{Stary ob\363z}{chapter.3}% 5
\BOOKMARK [1][-]{section.3.3}{Nowy ob\363z}{chapter.3}% 6
\BOOKMARK [1][-]{section.3.4}{Ob\363z na bagnie}{chapter.3}% 7
\BOOKMARK [1][-]{section.3.5}{Plac wymian}{chapter.3}% 8
\BOOKMARK [1][-]{section.3.6}{Opuszczona kopalnia}{chapter.3}% 9
\BOOKMARK [1][-]{section.3.7}{Wieza Xardasa}{chapter.3}% 10
\BOOKMARK [1][-]{section.3.8}{Zatopiona wieza Xardasa}{chapter.3}% 11
\BOOKMARK [1][-]{section.3.9}{Miasto Ork\363w}{chapter.3}% 12
\BOOKMARK [1][-]{section.3.10}{Stara kopalnia}{chapter.3}% 13
\BOOKMARK [1][-]{section.3.11}{Stary klasztor}{chapter.3}% 14
\BOOKMARK [1][-]{section.3.12}{Swiatynia sniacego}{chapter.3}% 15
\BOOKMARK [1][-]{section.3.13}{Ob\363z bandyt\363w}{chapter.3}% 16
\BOOKMARK [0][-]{chapter.4}{Projektowanie postaci}{}% 17
\BOOKMARK [1][-]{section.4.1}{Podstawowe informacje}{chapter.4}% 18
\BOOKMARK [1][-]{section.4.2}{Historia, i fabu\233a zwiazna z protagonista}{chapter.4}% 19
\BOOKMARK [1][-]{section.4.3}{Mocne strony postaci}{chapter.4}% 20
\BOOKMARK [1][-]{section.4.4}{S\233abe strony postaci}{chapter.4}% 21
\BOOKMARK [1][-]{section.4.5}{Wyglad postaci}{chapter.4}% 22
\BOOKMARK [0][-]{chapter.5}{Flowboard}{}% 23
\BOOKMARK [1][-]{section.5.1}{Rozdzia\233 1 - Witamy w Kolonii!}{chapter.5}% 24
\BOOKMARK [1][-]{section.5.2}{Rozdzia\233 2 - Gniazdo pe\233zaczy}{chapter.5}% 25
\BOOKMARK [1][-]{section.5.3}{Rozdzia\233 3 - Starozytna magia}{chapter.5}% 26
\BOOKMARK [1][-]{section.5.4}{Rozdzia\233 4 - Xardas}{chapter.5}% 27
\BOOKMARK [1][-]{section.5.5}{Rozdzia\233 5 - Straznicy portalu}{chapter.5}% 28
\BOOKMARK [1][-]{section.5.6}{Rozdzia\233 6 - Leze sniacego}{chapter.5}% 29
\BOOKMARK [0][-]{chapter.6}{Rozw\363j fabu\233y i zmiany poziom\363w}{}% 30
\BOOKMARK [1][-]{section.6.1}{Wstep}{chapter.6}% 31
\BOOKMARK [1][-]{section.6.2}{Witamy w Kolonii!}{chapter.6}% 32
\BOOKMARK [1][-]{section.6.3}{Gniazdo pe\233zaczy}{chapter.6}% 33
\BOOKMARK [1][-]{section.6.4}{Starozytna magia}{chapter.6}% 34
\BOOKMARK [1][-]{section.6.5}{Xardas}{chapter.6}% 35
\BOOKMARK [1][-]{section.6.6}{Straznicy portalu}{chapter.6}% 36
\BOOKMARK [1][-]{section.6.7}{Leze Sniacego}{chapter.6}% 37
\BOOKMARK [1][-]{section.6.8}{Odbi\363r gry}{chapter.6}% 38
\BOOKMARK [0][-]{chapter.7}{Scenariusz}{}% 39
\BOOKMARK [1][-]{section.7.1}{Rozgrywka}{chapter.7}% 40
\BOOKMARK [1][-]{section.7.2}{Rozw\363j postaci}{chapter.7}% 41
\BOOKMARK [1][-]{section.7.3}{Frakcje}{chapter.7}% 42
\BOOKMARK [1][-]{section.7.4}{Sterowanie}{chapter.7}% 43
\BOOKMARK [2][-]{subsection.7.4.1}{Poruszanie sie}{section.7.4}% 44
\BOOKMARK [2][-]{subsection.7.4.2}{Podstawowa kombinacja}{section.7.4}% 45
\BOOKMARK [2][-]{subsection.7.4.3}{Aktywowanie broni/Czar\363w}{section.7.4}% 46
\BOOKMARK [2][-]{subsection.7.4.4}{Rozgladanie sie}{section.7.4}% 47
\BOOKMARK [2][-]{subsection.7.4.5}{Skok w prz\363d i wspinanie sie}{section.7.4}% 48
\BOOKMARK [2][-]{subsection.7.4.6}{Zmiana szybkosci chodu}{section.7.4}% 49
\BOOKMARK [2][-]{subsection.7.4.7}{Zmiana rodzaju broni}{section.7.4}% 50
\BOOKMARK [2][-]{subsection.7.4.8}{Skradanie sie}{section.7.4}% 51
\BOOKMARK [2][-]{subsection.7.4.9}{Okienko z umiejetnosci}{section.7.4}% 52
\BOOKMARK [2][-]{subsection.7.4.10}{Dziennik}{section.7.4}% 53
\BOOKMARK [2][-]{subsection.7.4.11}{Enter}{section.7.4}% 54
\BOOKMARK [2][-]{subsection.7.4.12}{Mysz}{section.7.4}% 55
\BOOKMARK [2][-]{subsection.7.4.13}{Ekwipunek}{section.7.4}% 56
\BOOKMARK [2][-]{subsection.7.4.14}{Opr\363znianie z zawartosci skrzyn}{section.7.4}% 57
\BOOKMARK [2][-]{subsection.7.4.15}{Handlowanie}{section.7.4}% 58
\BOOKMARK [2][-]{subsection.7.4.16}{Kradziez kieszonkowa}{section.7.4}% 59
\BOOKMARK [2][-]{subsection.7.4.17}{Spanie}{section.7.4}% 60
\BOOKMARK [2][-]{subsection.7.4.18}{P\233ywanie i nurkowanie}{section.7.4}% 61
\BOOKMARK [2][-]{subsection.7.4.19}{Minimalne wymagania sprzetowe}{section.7.4}% 62
\BOOKMARK [0][-]{chapter*.2}{Bibliografia}{}% 63
